Mono path[0] = 'D:/SteamLibrary/steamapps/common/REPO/REPO_Data/Managed'
Mono config path = 'D:/SteamLibrary/steamapps/common/REPO/MonoBleedingEdge/etc'
[Physics::Module] Initialized MultithreadedJobDispatcher with 11 workers.
Initialize engine version: 2022.3.21f1 (bf09ca542b87)
[Subsystems] Discovering subsystems at path D:/SteamLibrary/steamapps/common/REPO/REPO_Data/UnitySubsystems
GfxDevice: creating device client; threaded=1; jobified=1
Direct3D:
    Version:  Direct3D 11.0 [level 11.1]
    Renderer: Intel(R) UHD Graphics 630 (ID=0x9bc8)
    Vendor:   Intel
    VRAM:     16308 MB
    Driver:   31.0.101.2134
Begin MonoManager ReloadAssembly
- Loaded All Assemblies, in  6.827 seconds
- Finished resetting the current domain, in  0.002 seconds
<RI> Initializing input.
New input system (experimental) initialized
Using Windows.Gaming.Input
<RI> Input initialized.
<RI> Initialized touch support.
UnloadTime: 6.807100 ms
Odin Serializer ArchitectureInfo initialization with defaults (all unaligned read/writes disabled).
Odin Serializer detected whitelisted runtime platform WindowsPlayer and memory read test succeeded; enabling all unaligned memory read/writes.
VERSION: v0.1.2
STEAM ID: 76561198991142248
Getting Steam Auth Ticket...
Changed level to: Level - Lobby Menu
PunVoiceClientLogic Awake
Created lobby on Network Connect.
Steam: Hosting lobby...
Steam: Lobby created with ID: 109775241249114654
Steam: Lobby entered with ID: 109775241249114654
Steam: Region: 
Sending Steam Auth Ticket...
Getting Steam Auth Ticket...
Connected to Master Server
I am the owner.
Steam: Setting lobby data...
Trying to join room: 109775241249114654
Created room successfully: 109775241249114654
Joined room: 109775241249114654 asia
Unloading 5 Unused Serialized files (Serialized files now loaded: 0)
Game Mode: Multiplayer
NetworkConnect destroyed.
UnloadTime: 19.852200 ms
[2025-04-25T11:30:06] [Info] [LOGGER] [VoiceLogger] Disabling VoiceLogger duplicates at the scene root.
[2025-04-25T11:30:06] [Warning] [PhotonVoiceView] [Voice(Clone)] PhotonVoiceView.RecorderInUse.TransmitEnabled is false, don't forget to set it to true to enable transmission.
Unloading 61 unused Assets to reduce memory usage. Loaded Objects now: 770487.
Total: 316.942700 ms (FindLiveObjects: 72.410500 ms CreateObjectMapping: 113.652700 ms MarkObjects: 126.302100 ms  DeleteObjects: 4.577000 ms)

Calling OpJoinOrCreateRoom for room name '109775241249114654_voice_' region asia.
Steam: Unlocking lobby...
[2025-04-25T11:30:10] [Warning] [PunVoiceClient] [PunVoiceClient(Clone)] [PV] Frame event for voice #1 of not inited player 1
[2025-04-25T11:30:10] [Warning] [PunVoiceClient] [PunVoiceClient(Clone)] [PV] Frame event for not inited voice #2 of player 1
Leave Photon
Steam: Leaving lobby... and ruining it for others.
Cancelling Steam Auth Ticket...
Disconnected from server for reason DisconnectByClientLogic
Leave to Main Menu
Unloading 5 Unused Serialized files (Serialized files now loaded: 0)
UnloadTime: 13.265900 ms
Unloading 16605 unused Assets to reduce memory usage. Loaded Objects now: 752778.
Total: 434.619800 ms (FindLiveObjects: 51.555800 ms CreateObjectMapping: 103.924900 ms MarkObjects: 266.394700 ms  DeleteObjects: 12.743600 ms)

Unloading 3 Unused Serialized files (Serialized files now loaded: 0)
UnloadTime: 8.461900 ms
Unloading 26 unused Assets to reduce memory usage. Loaded Objects now: 770483.
Total: 286.282800 ms (FindLiveObjects: 50.415400 ms CreateObjectMapping: 104.757600 ms MarkObjects: 126.037800 ms  DeleteObjects: 5.071700 ms)

Changed level to: Level - Lobby Menu
[2025-04-25T11:30:27] [Info] [LOGGER] [VoiceLogger] Disabling VoiceLogger duplicates at the scene root.
PunVoiceClientLogic Awake
Created lobby on Network Connect.
Steam: Hosting lobby...
Steam: Lobby created with ID: 109775241249177828
Steam: Lobby entered with ID: 109775241249177828
Steam: Region: 
Sending Steam Auth Ticket...
Getting Steam Auth Ticket...
Connected to Master Server
I am the owner.
Steam: Setting lobby data...
Trying to join room: 109775241249177828
Created room successfully: 109775241249177828
Joined room: 109775241249177828 asia
Unloading 3 Unused Serialized files (Serialized files now loaded: 0)
Game Mode: Multiplayer
NetworkConnect destroyed.
UnloadTime: 26.320900 ms
[2025-04-25T11:30:30] [Info] [LOGGER] [VoiceLogger] Disabling VoiceLogger duplicates at the scene root.
[2025-04-25T11:30:31] [Warning] [PhotonVoiceView] [Voice(Clone)] PhotonVoiceView.RecorderInUse.TransmitEnabled is false, don't forget to set it to true to enable transmission.
Unloading 62 unused Assets to reduce memory usage. Loaded Objects now: 770495.
Total: 345.425300 ms (FindLiveObjects: 60.952700 ms CreateObjectMapping: 117.122300 ms MarkObjects: 159.412200 ms  DeleteObjects: 7.937300 ms)

Calling OpJoinOrCreateRoom for room name '109775241249177828_voice_' region asia.
Steam: Unlocking lobby...
[2025-04-25T11:30:35] [Warning] [PunVoiceClient] [PunVoiceClient(Clone)] [PV] Frame event for voice #3 of not inited player 1
[2025-04-25T11:30:35] [Warning] [PunVoiceClient] [PunVoiceClient(Clone)] [PV] Frame event for not inited voice #4 of player 1
Steam: Locking lobby...
Changed level to: Level - Wizard
Unloading 4 Unused Serialized files (Serialized files now loaded: 0)
UnloadTime: 11.319700 ms
Unloading 16612 unused Assets to reduce memory usage. Loaded Objects now: 752803.
Total: 431.312900 ms (FindLiveObjects: 46.095700 ms CreateObjectMapping: 102.500200 ms MarkObjects: 270.586800 ms  DeleteObjects: 12.129900 ms)

Unloading 3 Unused Serialized files (Serialized files now loaded: 0)
UnloadTime: 8.291400 ms
Unloading 27 unused Assets to reduce memory usage. Loaded Objects now: 770507.
Total: 280.018600 ms (FindLiveObjects: 49.669800 ms CreateObjectMapping: 102.593300 ms MarkObjects: 122.895800 ms  DeleteObjects: 4.859200 ms)

Leave Photon
Steam: Leaving lobby... and ruining it for others.
Cancelling Steam Auth Ticket...
Disconnected from server for reason DisconnectByClientLogic
Leave to Main Menu
Deleted save file and all backups for 'REPO_SAVE_2025_03_29_23_49_11'
Unloading 5 Unused Serialized files (Serialized files now loaded: 0)
UnloadTime: 27.385300 ms
Unloading 16801 unused Assets to reduce memory usage. Loaded Objects now: 752961.
Total: 349.223200 ms (FindLiveObjects: 47.171600 ms CreateObjectMapping: 103.110100 ms MarkObjects: 186.603100 ms  DeleteObjects: 12.338100 ms)

Unloading 3 Unused Serialized files (Serialized files now loaded: 0)
UnloadTime: 8.635600 ms
Unloading 184 unused Assets to reduce memory usage. Loaded Objects now: 770508.
Total: 293.178800 ms (FindLiveObjects: 49.628900 ms CreateObjectMapping: 102.244000 ms MarkObjects: 136.369500 ms  DeleteObjects: 4.936100 ms)

Changed level to: Level - Lobby Menu
[2025-04-25T11:42:10] [Info] [LOGGER] [VoiceLogger] Disabling VoiceLogger duplicates at the scene root.
PunVoiceClientLogic Awake
Created lobby on Network Connect.
Steam: Hosting lobby...
Steam: Lobby created with ID: 109775241249908141
Steam: Lobby entered with ID: 109775241249908141
Steam: Region: 
Sending Steam Auth Ticket...
Getting Steam Auth Ticket...
Connected to Master Server
I am the owner.
Steam: Setting lobby data...
Trying to join room: 109775241249908141
Created room successfully: 109775241249908141
Joined room: 109775241249908141 asia
Unloading 3 Unused Serialized files (Serialized files now loaded: 0)
Game Mode: Multiplayer
NetworkConnect destroyed.
UnloadTime: 13.926800 ms
[2025-04-25T11:42:13] [Info] [LOGGER] [VoiceLogger] Disabling VoiceLogger duplicates at the scene root.
[2025-04-25T11:42:13] [Warning] [PhotonVoiceView] [Voice(Clone)] PhotonVoiceView.RecorderInUse.TransmitEnabled is false, don't forget to set it to true to enable transmission.
Unloading 62 unused Assets to reduce memory usage. Loaded Objects now: 770520.
Total: 287.890700 ms (FindLiveObjects: 51.001400 ms CreateObjectMapping: 104.402500 ms MarkObjects: 127.772100 ms  DeleteObjects: 4.714300 ms)

Calling OpJoinOrCreateRoom for room name '109775241249908141_voice_' region asia.
Steam: Unlocking lobby...
[2025-04-25T11:42:18] [Warning] [PunVoiceClient] [PunVoiceClient(Clone)] [PV] Frame event for voice #5 of not inited player 1
[2025-04-25T11:42:18] [Warning] [PunVoiceClient] [PunVoiceClient(Clone)] [PV] Frame event for not inited voice #6 of player 1
Steam: Locking lobby...
Changed level to: Level - Wizard
Unloading 4 Unused Serialized files (Serialized files now loaded: 0)
UnloadTime: 22.712300 ms
Unloading 16611 unused Assets to reduce memory usage. Loaded Objects now: 752829.
Total: 430.963100 ms (FindLiveObjects: 46.183600 ms CreateObjectMapping: 101.990900 ms MarkObjects: 269.171200 ms  DeleteObjects: 13.616800 ms)

Unloading 3 Unused Serialized files (Serialized files now loaded: 0)
UnloadTime: 8.813000 ms
Unloading 27 unused Assets to reduce memory usage. Loaded Objects now: 770533.
Total: 347.634800 ms (FindLiveObjects: 49.755000 ms CreateObjectMapping: 101.903300 ms MarkObjects: 191.440000 ms  DeleteObjects: 4.536200 ms)

Leave Photon
Steam: Leaving lobby... and ruining it for others.
Cancelling Steam Auth Ticket...
Disconnected from server for reason DisconnectByClientLogic
Leave to Main Menu
Deleted save file and all backups for 'REPO_SAVE_2025_03_29_23_49_11'
Unloading 5 Unused Serialized files (Serialized files now loaded: 0)
UnloadTime: 34.253900 ms
Unloading 16790 unused Assets to reduce memory usage. Loaded Objects now: 752962.
Total: 367.886500 ms (FindLiveObjects: 56.295200 ms CreateObjectMapping: 106.028200 ms MarkObjects: 188.897600 ms  DeleteObjects: 16.662900 ms)

Unloading 3 Unused Serialized files (Serialized files now loaded: 0)
UnloadTime: 18.514500 ms
Unloading 164 unused Assets to reduce memory usage. Loaded Objects now: 770529.
Total: 298.242400 ms (FindLiveObjects: 52.241900 ms CreateObjectMapping: 105.385500 ms MarkObjects: 135.585400 ms  DeleteObjects: 5.029100 ms)

Changed level to: Level - Lobby Menu
[2025-04-25T11:48:26] [Info] [LOGGER] [VoiceLogger] Disabling VoiceLogger duplicates at the scene root.
PunVoiceClientLogic Awake
Created lobby on Network Connect.
Steam: Hosting lobby...
Steam: Lobby created with ID: 109775241250358332
Steam: Lobby entered with ID: 109775241250358332
Steam: Region: 
Sending Steam Auth Ticket...
Getting Steam Auth Ticket...
Connected to Master Server
I am the owner.
Steam: Setting lobby data...
Trying to join room: 109775241250358332
Created room successfully: 109775241250358332
Joined room: 109775241250358332 asia
Unloading 3 Unused Serialized files (Serialized files now loaded: 0)
Game Mode: Multiplayer
NetworkConnect destroyed.
UnloadTime: 14.177000 ms
[2025-04-25T11:48:29] [Info] [LOGGER] [VoiceLogger] Disabling VoiceLogger duplicates at the scene root.
[2025-04-25T11:48:29] [Warning] [PhotonVoiceView] [Voice(Clone)] PhotonVoiceView.RecorderInUse.TransmitEnabled is false, don't forget to set it to true to enable transmission.
Unloading 62 unused Assets to reduce memory usage. Loaded Objects now: 770541.
Total: 280.158300 ms (FindLiveObjects: 50.253300 ms CreateObjectMapping: 103.833600 ms MarkObjects: 121.283100 ms  DeleteObjects: 4.788000 ms)

Calling OpJoinOrCreateRoom for room name '109775241250358332_voice_' region asia.
Steam: Unlocking lobby...
[2025-04-25T11:48:34] [Warning] [PunVoiceClient] [PunVoiceClient(Clone)] [PV] Frame event for voice #7 of not inited player 1
[2025-04-25T11:48:34] [Warning] [PunVoiceClient] [PunVoiceClient(Clone)] [PV] Frame event for voice #8 of not inited player 1
Steam: Locking lobby...
Changed level to: Level - Manor
Unloading 4 Unused Serialized files (Serialized files now loaded: 0)
UnloadTime: 20.056300 ms
Unloading 16611 unused Assets to reduce memory usage. Loaded Objects now: 752850.
Total: 439.401100 ms (FindLiveObjects: 46.792600 ms CreateObjectMapping: 103.428100 ms MarkObjects: 277.197600 ms  DeleteObjects: 11.982500 ms)

Unloading 3 Unused Serialized files (Serialized files now loaded: 0)
UnloadTime: 8.991500 ms
Unloading 27 unused Assets to reduce memory usage. Loaded Objects now: 770554.
Total: 291.253500 ms (FindLiveObjects: 50.683100 ms CreateObjectMapping: 104.834500 ms MarkObjects: 130.793600 ms  DeleteObjects: 4.941900 ms)

Leave Photon
Steam: Leaving lobby... and ruining it for others.
Cancelling Steam Auth Ticket...
Disconnected from server for reason DisconnectByClientLogic
Leave to Main Menu
Deleted save file and all backups for 'REPO_SAVE_2025_03_29_23_49_11'
Unloading 5 Unused Serialized files (Serialized files now loaded: 0)
UnloadTime: 28.192100 ms
Unloading 16839 unused Assets to reduce memory usage. Loaded Objects now: 753014.
Total: 394.537000 ms (FindLiveObjects: 50.947000 ms CreateObjectMapping: 112.757400 ms MarkObjects: 214.761800 ms  DeleteObjects: 16.070100 ms)

Unloading 3 Unused Serialized files (Serialized files now loaded: 0)
UnloadTime: 18.912000 ms
Unloading 193 unused Assets to reduce memory usage. Loaded Objects now: 770552.
Total: 317.487800 ms (FindLiveObjects: 63.554100 ms CreateObjectMapping: 110.926900 ms MarkObjects: 136.896700 ms  DeleteObjects: 6.109500 ms)

Changed level to: Level - Lobby Menu
[2025-04-25T11:54:31] [Info] [LOGGER] [VoiceLogger] Disabling VoiceLogger duplicates at the scene root.
PunVoiceClientLogic Awake
Created lobby on Network Connect.
Steam: Hosting lobby...
Steam: Lobby created with ID: 109775241250777292
Steam: Lobby entered with ID: 109775241250777292
Steam: Region: 
Sending Steam Auth Ticket...
Getting Steam Auth Ticket...
Connected to Master Server
I am the owner.
Steam: Setting lobby data...
Trying to join room: 109775241250777292
Created room successfully: 109775241250777292
Joined room: 109775241250777292 asia
Unloading 3 Unused Serialized files (Serialized files now loaded: 0)
Game Mode: Multiplayer
NetworkConnect destroyed.
UnloadTime: 13.018700 ms
[2025-04-25T11:54:34] [Info] [LOGGER] [VoiceLogger] Disabling VoiceLogger duplicates at the scene root.
[2025-04-25T11:54:34] [Warning] [PhotonVoiceView] [Voice(Clone)] PhotonVoiceView.RecorderInUse.TransmitEnabled is false, don't forget to set it to true to enable transmission.
Unloading 62 unused Assets to reduce memory usage. Loaded Objects now: 770564.
Total: 289.491400 ms (FindLiveObjects: 55.197100 ms CreateObjectMapping: 103.587700 ms MarkObjects: 126.086600 ms  DeleteObjects: 4.619800 ms)

Calling OpJoinOrCreateRoom for room name '109775241250777292_voice_' region asia.
Steam: Unlocking lobby...
[2025-04-25T11:54:39] [Warning] [PunVoiceClient] [PunVoiceClient(Clone)] [PV] Frame event for voice #9 of not inited player 1
[2025-04-25T11:54:39] [Warning] [PunVoiceClient] [PunVoiceClient(Clone)] [PV] Frame event for not inited voice #10 of player 1
Steam: Locking lobby...
Changed level to: Level - Arctic
Unloading 4 Unused Serialized files (Serialized files now loaded: 0)
UnloadTime: 11.905900 ms
Unloading 16611 unused Assets to reduce memory usage. Loaded Objects now: 752873.
Total: 440.373200 ms (FindLiveObjects: 49.946900 ms CreateObjectMapping: 103.789200 ms MarkObjects: 272.905800 ms  DeleteObjects: 13.730800 ms)

Unloading 3 Unused Serialized files (Serialized files now loaded: 0)
UnloadTime: 9.201500 ms
Unloading 27 unused Assets to reduce memory usage. Loaded Objects now: 770577.
Total: 278.968200 ms (FindLiveObjects: 49.627000 ms CreateObjectMapping: 102.616500 ms MarkObjects: 122.009300 ms  DeleteObjects: 4.715100 ms)

Leave Photon
Steam: Leaving lobby... and ruining it for others.
Cancelling Steam Auth Ticket...
Disconnected from server for reason DisconnectByClientLogic
Leave to Main Menu
Deleted save file and all backups for 'REPO_SAVE_2025_03_29_23_49_11'
Unloading 5 Unused Serialized files (Serialized files now loaded: 0)
NullReferenceException
  at (wrapper managed-to-native) UnityEngine.Transform.get_position_Injected(UnityEngine.Transform,UnityEngine.Vector3&)
  at UnityEngine.Transform.get_position () [0x00000] in <70dfc3d6a20943b0ba4061b9aa5ea205>:0 
  at MusicEnemyNear+<Logic>d__21.MoveNext () [0x00256] in <43840cd097da4d1e936344669d20e3fd>:0 
  at UnityEngine.SetupCoroutine.InvokeMoveNext (System.Collections.IEnumerator enumerator, System.IntPtr returnValueAddress) [0x00026] in <70dfc3d6a20943b0ba4061b9aa5ea205>:0 

UnloadTime: 26.360800 ms
Unloading 16912 unused Assets to reduce memory usage. Loaded Objects now: 752953.
Total: 428.780000 ms (FindLiveObjects: 60.337200 ms CreateObjectMapping: 116.261800 ms MarkObjects: 234.627800 ms  DeleteObjects: 17.552700 ms)

Unloading 3 Unused Serialized files (Serialized files now loaded: 0)
UnloadTime: 9.271000 ms
Unloading 108 unused Assets to reduce memory usage. Loaded Objects now: 770576.
Total: 309.912700 ms (FindLiveObjects: 59.556700 ms CreateObjectMapping: 113.801100 ms MarkObjects: 131.960000 ms  DeleteObjects: 4.594700 ms)

